<?xml version="1.0" encoding="UTF-8"?>
<!-- Generated by org.testng.reporters.JUnitReportReporter -->
<testsuite hostname="DESKTOP-US9O7O0" failures="0" tests="2" name="com.sha.tests.HomePageTest" time="50.199" errors="0" timestamp="2023-01-11T13:25:33 CST" skipped="0">
  <testcase classname="com.sha.tests.HomePageTest" name="titleValidationTest" time="24.336"/>
  <system-out/>
  <testcase classname="com.sha.tests.HomePageTest" name="titleValidationTest" time="25.863"/>
  <system-out/>
</testsuite> <!-- com.sha.tests.HomePageTest -->
