<?xml version="1.0" encoding="UTF-8"?>
<!-- Generated by org.testng.reporters.JUnitReportReporter -->
<testsuite hostname="DESKTOP-US9O7O0" failures="0" tests="2" name="com.sha.tests.HomePageTest" time="30.120" errors="0" timestamp="2023-01-11T16:25:10 CST" skipped="0">
  <testcase classname="com.sha.tests.HomePageTest" name="titleValidationTest" time="14.849"/>
  <system-out/>
  <testcase classname="com.sha.tests.HomePageTest" name="titleValidationTest" time="15.271"/>
  <system-out/>
</testsuite> <!-- com.sha.tests.HomePageTest -->
